\BOOKMARK [1][-]{section.1}{\376\377\000G\000e\000t\000t\000i\000n\000g\000\040\000S\000t\000a\000r\000t\000e\000d}{}% 1
\BOOKMARK [2][-]{subsection.1.1}{\376\377\000I\000n\000s\000t\000a\000l\000l\000i\000n\000g\000\040\000G\000i\000t}{section.1}% 2
\BOOKMARK [2][-]{subsection.1.2}{\376\377\000C\000r\000e\000a\000t\000e\000\040\000a\000\040\000G\000i\000t\000h\000u\000b\000\040\000a\000c\000c\000o\000u\000n\000t}{section.1}% 3
\BOOKMARK [2][-]{subsection.1.3}{\376\377\000I\000n\000t\000r\000o\000d\000u\000c\000e\000\040\000y\000o\000u\000r\000s\000e\000l\000f\000\040\000t\000o\000\040\000G\000i\000t}{section.1}% 4
\BOOKMARK [2][-]{subsection.1.4}{\376\377\000C\000r\000e\000a\000t\000e\000\040\000a\000\040\000P\000A\000T}{section.1}% 5
\BOOKMARK [1][-]{section.2}{\376\377\000T\000h\000e\000\040\000W\000o\000r\000k\000f\000l\000o\000w}{}% 6
\BOOKMARK [2][-]{subsection.2.1}{\376\377\000D\000e\000f\000i\000n\000i\000t\000i\000o\000n\000s}{section.2}% 7
\BOOKMARK [2][-]{subsection.2.2}{\376\377\000T\000h\000e\000\040\000W\000o\000r\000k\000f\000l\000o\000w}{section.2}% 8
\BOOKMARK [3][-]{subsubsection.2.2.1}{\376\377\000T\000h\000e\000\040\000G\000i\000t\000\040\000p\000a\000n\000e\000l\000\040\000o\000f\000\040\000R\000S\000t\000u\000d\000i\000o}{subsection.2.2}% 9
\BOOKMARK [3][-]{subsubsection.2.2.2}{\376\377\000P\000u\000l\000l\000i\000n\000g}{subsection.2.2}% 10
\BOOKMARK [3][-]{subsubsection.2.2.3}{\376\377\000C\000o\000m\000m\000i\000t\000i\000n\000g}{subsection.2.2}% 11
\BOOKMARK [3][-]{subsubsection.2.2.4}{\376\377\000P\000u\000s\000h\000i\000n\000g}{subsection.2.2}% 12
\BOOKMARK [3][-]{subsubsection.2.2.5}{\376\377\000P\000u\000l\000l\000i\000n\000g\000\040\000\050\000a\000g\000a\000i\000n\000\051}{subsection.2.2}% 13
\BOOKMARK [3][-]{subsubsection.2.2.6}{\376\377\000T\000h\000e\000\040\000M\000a\000i\000n\000\040\000C\000o\000m\000m\000a\000n\000d\000s\000\040\000\050\000C\000o\000m\000m\000a\000n\000d\000\040\000L\000i\000n\000e\000/\000T\000e\000r\000m\000i\000n\000a\000l\000\051}{subsection.2.2}% 14
\BOOKMARK [1][-]{section.3}{\376\377\000B\000r\000a\000n\000c\000h\000e\000s}{}% 15
\BOOKMARK [2][-]{subsection.3.1}{\376\377\000C\000r\000e\000a\000t\000i\000n\000g\000\040\000a\000\040\000b\000r\000a\000n\000c\000h}{section.3}% 16
\BOOKMARK [2][-]{subsection.3.2}{\376\377\000B\000r\000a\000n\000c\000h\000e\000s\000\040\000w\000h\000e\000n\000\040\000w\000o\000r\000k\000i\000n\000g\000\040\000i\000n\000d\000e\000p\000e\000n\000d\000e\000n\000t\000l\000y}{section.3}% 17
\BOOKMARK [2][-]{subsection.3.3}{\376\377\000B\000r\000a\000n\000c\000h\000e\000s\000\040\000w\000h\000e\000n\000\040\000w\000o\000r\000k\000i\000n\000g\000\040\000c\000o\000l\000l\000a\000b\000o\000r\000a\000t\000i\000v\000e\000l\000y}{section.3}% 18
\BOOKMARK [2][-]{subsection.3.4}{\376\377\000B\000r\000a\000n\000c\000h\000e\000s\000\040\000w\000i\000t\000h\000\040\000t\000h\000e\000\040\000T\000e\000r\000m\000i\000n\000a\000l}{section.3}% 19
\BOOKMARK [1][-]{section.4}{\376\377\000.\000g\000i\000t\000i\000g\000n\000o\000r\000e}{}% 20
\BOOKMARK [1][-]{section.5}{\376\377\000R\000e\000v\000e\000r\000t\000i\000n\000g}{}% 21
